<?xml version="1.0" encoding="UTF-8" ?>
<testsuite tests="5" failures="0" name="hu.bme.mit.train.system.TrainSystemTest" time="0.05" errors="0" skipped="0">
  <properties>
[...]
</properties>
  <testcase classname="hu.bme.mit.train.system.TrainSystemTest" name="OverridingJoystickPositionToNegative_SetsReferenceSpeedToZero" time="0.049"/>
  <testcase classname="hu.bme.mit.train.system.TrainSystemTest" name="OverridingJoystickPosition_IncreasesReferenceSpeed" time="0.001"/>
  <testcase classname="hu.bme.mit.train.system.TrainSystemTest" name="StopEmergencyBraking" time="0"/>
  <testcase classname="hu.bme.mit.train.system.TrainSystemTest" name="TestTachograph" time="0"/>
  <testcase classname="hu.bme.mit.train.system.TrainSystemTest" name="EmergencyBraking" time="0"/>
</testsuite>